1574853416457	mozrunner::runner	INFO	Running command: "E:\\Firefox\\firefox.exe" "-marionette" "-foreground" "-no-remote" "-profile" "C:\\Users\\asus\\AppData\\Local\\Temp\\rust_mozprofile.gttUzzOZz3t1"
1574853421354	addons.webextension.screenshots@mozilla.org	WARN	Loading extension 'screenshots@mozilla.org': Reading manifest: Invalid extension permission: mozillaAddons
1574853421354	addons.webextension.screenshots@mozilla.org	WARN	Loading extension 'screenshots@mozilla.org': Reading manifest: Invalid extension permission: telemetry
1574853421355	addons.webextension.screenshots@mozilla.org	WARN	Loading extension 'screenshots@mozilla.org': Reading manifest: Invalid extension permission: resource://pdf.js/
1574853421355	addons.webextension.screenshots@mozilla.org	WARN	Loading extension 'screenshots@mozilla.org': Reading manifest: Invalid extension permission: about:reader*
JavaScript error: resource://gre/modules/XULStore.jsm, line 66: Error: Can't find profile directory.
1574853431929	Marionette	INFO	Listening on port 62864
1574853433354	Marionette	WARN	TLS certificate errors will be ignored for this session
WebGL(00000077A0848000)::ForceLoseContext
WebGL(00000077A082F800)::ForceLoseContext
WebGL(000000779C3B0800)::ForceLoseContext
WebGL(00000077A0929800)::ForceLoseContext
1574853657216	mozrunner::runner	INFO	Running command: "E:\\Firefox\\firefox.exe" "-marionette" "-foreground" "-no-remote" "-profile" "C:\\Users\\asus\\AppData\\Local\\Temp\\rust_mozprofile.YAvVNYx8G2ZG"
1574853659959	addons.webextension.screenshots@mozilla.org	WARN	Loading extension 'screenshots@mozilla.org': Reading manifest: Invalid extension permission: mozillaAddons
1574853659959	addons.webextension.screenshots@mozilla.org	WARN	Loading extension 'screenshots@mozilla.org': Reading manifest: Invalid extension permission: telemetry
1574853659959	addons.webextension.screenshots@mozilla.org	WARN	Loading extension 'screenshots@mozilla.org': Reading manifest: Invalid extension permission: resource://pdf.js/
1574853659959	addons.webextension.screenshots@mozilla.org	WARN	Loading extension 'screenshots@mozilla.org': Reading manifest: Invalid extension permission: about:reader*
JavaScript error: resource://gre/modules/XULStore.jsm, line 66: Error: Can't find profile directory.
1574853664233	Marionette	INFO	Listening on port 62970
1574853664343	Marionette	WARN	TLS certificate errors will be ignored for this session
WebGL(000000DB6EF65800)::ForceLoseContext
WebGL(000000DB6B204800)::ForceLoseContext
WebGL(000000DB6B204000)::ForceLoseContext
WebGL(000000DB6F232800)::ForceLoseContext
JavaScript warning: https://www.zhipin.com/web/common/security-js/4bfc2feb.js line 1 > Function, line 4: Error: Script terminated by timeout at:
anonymous@https://www.zhipin.com/web/common/security-js/4bfc2feb.js line 1 > Function:4:1
pig_@https://www.zhipin.com/web/common/security-js/4bfc2feb.js:1:22710
eIqYH@https://www.zhipin.com/web/common/security-js/4bfc2feb.js:1:16040
iqc_@https://www.zhipin.com/web/common/security-js/4bfc2feb.js:1:19806
@https://www.zhipin.com/web/common/security-js/4bfc2feb.js:1:20791

WebGL(000000DB67858800)::ForceLoseContext
WebGL(000000DB6B203000)::ForceLoseContext
WebGL(000000DB6785E800)::ForceLoseContext
WebGL(000000DB6B209000)::ForceLoseContext
WebGL(000000DB6EF53800)::ForceLoseContext
WebGL(000000DB67850800)::ForceLoseContext
WebGL(000000DB12167000)::ForceLoseContext
WebGL(000000DB6F235000)::ForceLoseContext
[Child 14872, Chrome_ChildThread] WARNING: pipe error: 109: file z:/task_1572401533/build/src/ipc/chromium/src/chrome/common/ipc_channel_win.cc, line 341
[Child 14872, Chrome_ChildThread] WARNING: pipeJavaScript error: resource:///modules/sessionstore/SessionStore.jsm, line 1845: TypeError: subject.QueryInterface is not a function
A content process crashed and MOZ_CRASHREPORTER_SHUTDOWN is set, shutting down
1574853868463	Marionette	INFO	Stopped listening on port 62970
[GPU 9504, Chrome_ChildThread] WARNING: pipe error: 109: file
###!!! [Child][MessageChannel::SendAndWait] Error: Channel error: cannot send/recv

1574854011201	mozrunner::runner	INFO	Running command: "E:\\Firefox\\firefox.exe" "-marionette" "-foreground" "-no-remote" "-profile" "C:\\Users\\asus\\AppData\\Local\\Temp\\rust_mozprofile.Bnc81TvIdBoV"
1574854012643	addons.webextension.screenshots@mozilla.org	WARN	Loading extension 'screenshots@mozilla.org': Reading manifest: Invalid extension permission: mozillaAddons
1574854012643	addons.webextension.screenshots@mozilla.org	WARN	Loading extension 'screenshots@mozilla.org': Reading manifest: Invalid extension permission: telemetry
1574854012644	addons.webextension.screenshots@mozilla.org	WARN	Loading extension 'screenshots@mozilla.org': Reading manifest: Invalid extension permission: resource://pdf.js/
1574854012644	addons.webextension.screenshots@mozilla.org	WARN	Loading extension 'screenshots@mozilla.org': Reading manifest: Invalid extension permission: about:reader*
JavaScript error: resource://gre/modules/XULStore.jsm, line 66: Error: Can't find profile directory.
1574854017031	Marionette	INFO	Listening on port 63116
1574854017223	Marionette	WARN	TLS certificate errors will be ignored for this session
[Parent 13884, Gecko_IOThread] WARNING: pipe error: 109: file z:/task_1572401533/build/src/ipc/chromium/src/chrome/common/ipc_channel_win.cc, line 341
1574854167668	mozrunner::runner	INFO	Running command: "E:\\Firefox\\firefox.exe" "-marionette" "-foreground" "-no-remote" "-profile" "C:\\Users\\asus\\AppData\\Local\\Temp\\rust_mozprofile.HamsZnmBR0Rm"
1574854214198	addons.webextension.screenshots@mozilla.org	WARN	Loading extension 'screenshots@mozilla.org': Reading manifest: Invalid extension permission: mozillaAddons
1574854214198	addons.webextension.screenshots@mozilla.org	WARN	Loading extension 'screenshots@mozilla.org': Reading manifest: Invalid extension permission: telemetry
1574854214198	addons.webextension.screenshots@mozilla.org	WARN	Loading extension 'screenshots@mozilla.org': Reading manifest: Invalid extension permission: resource://pdf.js/
1574854214198	addons.webextension.screenshots@mozilla.org	WARN	Loading extension 'screenshots@mozilla.org': Reading manifest: Invalid extension permission: about:reader*
JavaScript error: resource://gre/modules/XULStore.jsm, line 66: Error: Can't find profile directory.
1574854220282	Marionette	INFO	Listening on port 63225
1574854220513	Marionette	WARN	TLS certificate errors will be ignored for this session
WebGL(000000919B385000)::ForceLoseContext
WebGL(0000009196D12000)::ForceLoseContext
WebGL(0000009196D11800)::ForceLoseContext
WebGL(000000919B38B800)::ForceLoseContext
[Child 14576, Chrome_ChildThread] WARNING: pipe error: 109: file z:/task_1572401533/build/src/ipc/chromium/src/chrome/common/ipc_channel_win.cc, line 341
JavaScript error: resource:///modules/sessionstore/SessionStore.jsm, line 1845: TypeError: subject.QueryInterface is not a function
A content process crashed and MOZ_CRASHREPORTER_SHUTDOWN is set, shutting down
[Parent 11596, Gecko_IOThread] WARNING: pipe error: 109: file z:/task_1572401533/build/src/ipc/chromium/src/chrome/common/ipc_channel_win.cc, line 341
1574854490245	mozrunner::runner	INFO	Running command: "E:\\Firefox\\firefox.exe" "-marionette" "-foreground" "-no-remote" "-profile" "C:\\Users\\asus\\AppData\\Local\\Temp\\rust_mozprofile.5ahm98EBOBtw"
1574854491959	addons.webextension.screenshots@mozilla.org	WARN	Loading extension 'screenshots@mozilla.org': Reading manifest: Invalid extension permission: mozillaAddons
1574854491959	addons.webextension.screenshots@mozilla.org	WARN	Loading extension 'screenshots@mozilla.org': Reading manifest: Invalid extension permission: telemetry
1574854491959	addons.webextension.screenshots@mozilla.org	WARN	Loading extension 'screenshots@mozilla.org': Reading manifest: Invalid extension permission: resource://pdf.js/
1574854491960	addons.webextension.screenshots@mozilla.org	WARN	Loading extension 'screenshots@mozilla.org': Reading manifest: Invalid extension permission: about:reader*
JavaScript error: resource://gre/modules/XULStore.jsm, line 66: Error: Can't find profile directory.
1574854496540	Marionette	INFO	Listening on port 63542
1574854496759	Marionette	WARN	TLS certificate errors will be ignored for this session
WebGL(000000325F180000)::ForceLoseContext
WebGL(000000325F182000)::ForceLoseContext
WebGL(000000325AB08000)::ForceLoseContext
WebGL(000000325F185800)::ForceLoseContext
[Parent 13784, Gecko_IOThread] WARNING: pipe error: 109: file z:/task_1572401533/build/src/ipc/chromium/src/chrome/common/ipc_channel_win.cc, line 341
[Child 13688, Chrome_ChildThread] WARNING: pipe error: 109: file z:/task_1572401533/build/src/ipc/chromium/src/chrome/common/ipc_channel_win.cc, line 341
[Child 13688, Chrome_ChildThread] WARNING: pipe error: 109: file z:/task_1572401533/build/src/ipc/chromium/src/chrome/common/ipc_channel_win.cc, line 341
JavaScript error: resource:///modules/sessionstore/SessionStore.jsm, line 1845: TypeError: subject.QueryInterface is not a function
A content process crashed and MOZ_CRASHREPORTER_SHUTDOWN is set, shutting down
[1574854542739	Marionette	INFO	Stopped listening on port 63542
[GPU 14284, Chr
###!!! [Child][RunMessage] Error: Channel closing: too late to send/recv, messages will be lost


###!!! [Child][MessageChannel::SendAndWait] Error: Channel error: cannot send/recv

1574854707201	mozrunner::runner	INFO	Running command: "E:\\Firefox\\firefox.exe" "-marionette" "-foreground" "-no-remote" "-profile" "C:\\Users\\asus\\AppData\\Local\\Temp\\rust_mozprofile.A9W69AJ41FLz"
1574854708464	addons.webextension.screenshots@mozilla.org	WARN	Loading extension 'screenshots@mozilla.org': Reading manifest: Invalid extension permission: mozillaAddons
1574854708464	addons.webextension.screenshots@mozilla.org	WARN	Loading extension 'screenshots@mozilla.org': Reading manifest: Invalid extension permission: telemetry
1574854708465	addons.webextension.screenshots@mozilla.org	WARN	Loading extension 'screenshots@mozilla.org': Reading manifest: Invalid extension permission: resource://pdf.js/
1574854708465	addons.webextension.screenshots@mozilla.org	WARN	Loading extension 'screenshots@mozilla.org': Reading manifest: Invalid extension permission: about:reader*
JavaScript error: resource://gre/modules/XULStore.jsm, line 66: Error: Can't find profile directory.
1574854713166	Marionette	INFO	Listening on port 63755
1574854713237	Marionette	WARN	TLS certificate errors will be ignored for this session
JavaScript warning: https://www.zhipin.com/web/common/security-js/4bfc2feb.js, line 1: Error: Script terminated by timeout at:
pig_@https://www.zhipin.com/web/common/security-js/4bfc2feb.js:1:22636
eIqYH@https://www.zhipin.com/web/common/security-js/4bfc2feb.js:1:16040
iqc_@https://www.zhipin.com/web/common/security-js/4bfc2feb.js:1:19806
@https://www.zhipin.com/web/common/security-js/4bfc2feb.js:1:20791

SourceActor threw an exception: [Exception... "Failed to open input source 'file:///'"  nsresult: "0x80004005 (NS_ERROR_FAILURE)"  location: "JS frame :: resource://devtools/shared/DevToolsUtils.js :: mainThreadFetch/< :: line 678"  data: yes]
Stack: mainThreadFetch/<@resource://devtools/shared/DevToolsUtils.js:678:15
mainThreadFetch@resource://devtools/shared/DevToolsUtils.js:530:10
_fetchURLContents@resource://devtools/server/actors/utils/TabSources.js:580:22
urlContents@resource://devtools/server/actors/utils/TabSources.js:547:17
_resurrectSource@resource://devtools/server/actors/thread.js:2033:69
addAllSources@resource://devtools/server/actors/thread.js:1334:14
onSources@resource://devtools/server/actors/thread.js:1340:10
onPacket@resource://devtools/server/debugger-server-connection.js:378:58
receiveMessage@resource://devtools/shared/transport/child-transport.js:66:16
Line: 678, column: 0
console.error: ({})
JavaScript error: resource://devtools/shared/DevToolsUtils.js, line 678: NS_ERROR_FAILURE: Failed to open input source 'file:///'
JavaScript error: resource://devtools/client/netmonitor/src/app.js, line 48: TypeError: top.openWebLinkIn is not a function
JavaScript error: resource://devtools/client/debugger/src/reducers/sources.js, line 455: Error: source sourceURL-https://www.zhipin.com/web/common/security-js/4bfc2feb.js does not exist
JavaScript warning: resource://devtools/server/actors/utils/event-loop.js, line 79: DebuggeeWouldRun: debuggee `https://www.zhipin.com/?ka=header-home&city=100010000 line 3 > scriptElement:13' would run
WebGL(000000A9623D9000)::ForceLoseContext
WebGL(000000A951B4E000)::ForceLoseContext
WebGL(000000A9623EA800)::ForceLoseContext
WebGL(000000A9623EB800)::ForceLoseContext
JavaScript warning: https://g.alicdn.com/AWSC/uab/121.js?d=27 line 3 > scriptElement, line 2: Error: Script terminated by timeout at:
e@https://g.alicdn.com/AWSC/uab/121.js?d=27 line 3 > scriptElement:2:30
anonymous@https://www.zhipin.com/web/common/security-js/4bfc2feb.js line 1 > Function:3:1
pig_@https://www.zhipin.com/web/common/security-js/4bfc2feb.js:1:22710
eIqYH@https://www.zhipin.com/web/common/security-js/4bfc2feb.js:1:16040
iqc_@https://www.zhipin.com/web/common/security-js/4bfc2feb.js:1:19806
@https://www.zhipin.com/web/common/security-js/4bfc2feb.js:1:20791

1574854855539	mozrunner::runner	INFO	Running command: "E:\\Firefox\\firefox.exe" "-marionette" "-foreground" "-no-remote" "-profile" "C:\\Users\\asus\\AppData\\Local\\Temp\\rust_mozprofile.l3ipCrsKowgy"
1574854859986	addons.webextension.screenshots@mozilla.org	WARN	Loading extension 'screenshots@mozilla.org': Reading manifest: Invalid extension permission: mozillaAddons
1574854859986	addons.webextension.screenshots@mozilla.org	WARN	Loading extension 'screenshots@mozilla.org': Reading manifest: Invalid extension permission: telemetry
1574854859986	addons.webextension.screenshots@mozilla.org	WARN	Loading extension 'screenshots@mozilla.org': Reading manifest: Invalid extension permission: resource://pdf.js/
1574854859986	addons.webextension.screenshots@mozilla.org	WARN	Loading extension 'screenshots@mozilla.org': Reading manifest: Invalid extension permission: about:reader*
JavaScript error: resource://gre/modules/XULStore.jsm, line 66: Error: Can't find profile directory.
1574854864901	Marionette	INFO	Listening on port 63889
1574854865358	Marionette	WARN	TLS certificate errors will be ignored for this session
WebGL(0000009E4D438800)::ForceLoseContext
WebGL(0000009E48AA2800)::ForceLoseContext
WebGL(0000009E48AA2000)::ForceLoseContext
WebGL(0000009E4D43D800)::ForceLoseContext
JavaScript warning: https://g.alicdn.com/AWSC/uab/121.js?d=27, line 7: Error: Script terminated by timeout at:
e/</<@https://g.alicdn.com/AWSC/uab/121.js?d=27:7:19093
e/<@https://g.alicdn.com/AWSC/uab/121.js?d=27:7:20352
e@https://g.alicdn.com/AWSC/uab/121.js?d=27:8:16651

[Child 8184, Chrome_ChildThread] WARNING: pipe error: 109: file z:/task_1572401533/build/src/ipc/chromium/src/chrome/common/ipc_channel_win.cc, line 341
[Child 8184, JavaScript error: resource:///modules/sessionstore/SessionStore.jsm, line 1845: TypeError: subject.QueryInterface is not a function
A content process crashed and MOZ_CRASHREPORTER_SHUTDOWN is set, shutting down
[Child 10756, Chrome_ChildThread] WARNING: pipe error: 109: file z:/task_1572401533/build/src/ipc/chromium/src/chrome/common/ipc_channel_win.cc, line 341
[Child 10756, Chrome_ChildThread] WARNING: pipe error: 109: file z:/task_1572401531574854901281	Marionette	INFO	Stopped listening on port 63889
[GPU 10156, Chrome_ChildThr
###!!! [Child][RunMessage] Error: Channel closing: too late to send/recv, messages will be lost


###!!! [Child][MessageChannel::SendAndWait] Error: Channel error: cannot send/recv

1574855030420	mozrunner::runner	INFO	Running command: "E:\\Firefox\\firefox.exe" "-marionette" "-foreground" "-no-remote" "-profile" "C:\\Users\\asus\\AppData\\Local\\Temp\\rust_mozprofile.Ef4WXaCVG6za"
1574855031988	addons.webextension.screenshots@mozilla.org	WARN	Loading extension 'screenshots@mozilla.org': Reading manifest: Invalid extension permission: mozillaAddons
1574855031988	addons.webextension.screenshots@mozilla.org	WARN	Loading extension 'screenshots@mozilla.org': Reading manifest: Invalid extension permission: telemetry
1574855031989	addons.webextension.screenshots@mozilla.org	WARN	Loading extension 'screenshots@mozilla.org': Reading manifest: Invalid extension permission: resource://pdf.js/
1574855031989	addons.webextension.screenshots@mozilla.org	WARN	Loading extension 'screenshots@mozilla.org': Reading manifest: Invalid extension permission: about:reader*
JavaScript error: resource://gre/modules/XULStore.jsm, line 66: Error: Can't find profile directory.
1574855036232	Marionette	INFO	Listening on port 64111
1574855036433	Marionette	WARN	TLS certificate errors will be ignored for this session
[Child 2684, Chrome_ChildThread] WARNING: pipe error: 109: file z:/task_1572401533/build/src/ipc/chromium/src/chrome/common/ipc_channel_win.cc, line 341
[Child 2684, Chrome_ChildThread] WARNING: pipe error: 109: file z:/task_1572401533/build/src/ipc/chromium/src/chrome/common/ipc_channel_win.cc, line 341
[Parent 9696, Gecko_IOThread] WARNING: pipe error: 109: file z:/task_1572401533/build/src/ipc/chromium/src/chrome/common/ipc_channel_win.cc, line 341
1574855592871	Marionette	INFO	Stopped listening on port 64111

###!!! [Child][RunMessage] Error: Channel closing: too late to send/recv, messages will be lost

[GPU 2828, Ch
###!!! [Child][MessageChannel::SendAndWait] Error: Channel error: cannot send/recv

1574855987026	mozrunner::runner	INFO	Running command: "E:\\Firefox\\firefox.exe" "-marionette" "-foreground" "-no-remote" "-profile" "C:\\Users\\asus\\AppData\\Local\\Temp\\rust_mozprofile.XddJDk9aJek7"
1574855988145	addons.webextension.screenshots@mozilla.org	WARN	Loading extension 'screenshots@mozilla.org': Reading manifest: Invalid extension permission: mozillaAddons
1574855988145	addons.webextension.screenshots@mozilla.org	WARN	Loading extension 'screenshots@mozilla.org': Reading manifest: Invalid extension permission: telemetry
1574855988145	addons.webextension.screenshots@mozilla.org	WARN	Loading extension 'screenshots@mozilla.org': Reading manifest: Invalid extension permission: resource://pdf.js/
1574855988145	addons.webextension.screenshots@mozilla.org	WARN	Loading extension 'screenshots@mozilla.org': Reading manifest: Invalid extension permission: about:reader*
JavaScript error: resource://gre/modules/XULStore.jsm, line 66: Error: Can't find profile directory.
1574855992105	Marionette	INFO	Listening on port 64754
1574855992442	Marionette	WARN	TLS certificate errors will be ignored for this session
SourceActor threw an exception: [Exception... "Failed to open input source 'file:///'"  nsresult: "0x80004005 (NS_ERROR_FAILURE)"  location: "JS frame :: resource://devtools/shared/DevToolsUtils.js :: mainThreadFetch/< :: line 678"  data: yes]
Stack: mainThreadFetch/<@resource://devtools/shared/DevToolsUtils.js:678:15
mainThreadFetch@resource://devtools/shared/DevToolsUtils.js:530:10
_fetchURLContents@resource://devtools/server/actors/utils/TabSources.js:580:22
urlContents@resource://devtools/server/actors/utils/TabSources.js:547:17
_resurrectSource@resource://devtools/server/actors/thread.js:2033:69
addAllSources@resource://devtools/server/actors/thread.js:1334:14
onSources@resource://devtools/server/actors/thread.js:1340:10
onPacket@resource://devtools/server/debugger-server-connection.js:378:58
receiveMessage@resource://devtools/shared/transport/child-transport.js:66:16
Line: 678, column: 0
console.error: ({})
JavaScript error: resource://devtools/shared/DevToolsUtils.js, line 678: NS_ERROR_FAILURE: Failed to open input source 'file:///'
[Parent 11964, Gecko_IOThread] WARNING: pipe error: 109: file z:/task_1572401533/build/src/ipc/chromium/src/chrome/common/ipc_channel_win.cc, line 341
[Child 14856, Chrome_ChildThread] WARNING: pipe error: 109: file z:/task_1572401533/build/src/ipc/chromium/src/chrome/common/ipc_channel_win.cc, line 341
[Child 14856, Chrome_ChildThread] WARNING: pipe error: 109: file z:/task_1572401533/build/src/ipc/chromi[Child 10564, Chrome_ChildThread] WARNING: pipe error: 109: file z:/task_1572401533/build/src/ipc/chromium/src/chrome/common/ipc_channel_win.cc, line 341
[Parent 11964, Gecko_IOThread] WARNING: pipe error: 109: file z:/task_1572401533/build/src/ipc/chromium/src/chrome/common/ipc_channel_win.cc, line 341
1574856099462	Marionette	INFO	Stopped listening on port 64754
1574857541719	mozrunner::runner	INFO	Running command: "E:\\Firefox\\firefox.exe" "-marionette" "-foreground" "-no-remote" "-profile" "C:\\Users\\asus\\AppData\\Local\\Temp\\rust_mozprofile.bbeBmtWbPHGf"
1574857542829	addons.webextension.screenshots@mozilla.org	WARN	Loading extension 'screenshots@mozilla.org': Reading manifest: Invalid extension permission: mozillaAddons
1574857542829	addons.webextension.screenshots@mozilla.org	WARN	Loading extension 'screenshots@mozilla.org': Reading manifest: Invalid extension permission: telemetry
1574857542830	addons.webextension.screenshots@mozilla.org	WARN	Loading extension 'screenshots@mozilla.org': Reading manifest: Invalid extension permission: resource://pdf.js/
1574857542830	addons.webextension.screenshots@mozilla.org	WARN	Loading extension 'screenshots@mozilla.org': Reading manifest: Invalid extension permission: about:reader*
JavaScript error: resource://gre/modules/XULStore.jsm, line 66: Error: Can't find profile directory.
1574857547104	Marionette	INFO	Listening on port 65406
1574857547144	Marionette	WARN	TLS certificate errors will be ignored for this session
[Parent 13236, Gecko_IOThread] WARNING: pipe error: 109: file z:/task_1572401533/build/src/ipc/chromium/src/chrome/common/ipc_channel_win.cc, line 341
[Parent 13236, Gecko_IOThread] WARNING: pipe error: 109: file z:/task_1572401533/build/src/ipc/chromium/src/chrome/common/ipc_channel_win.cc, line 341
1574857763402	mozrunner::runner	INFO	Running command: "E:\\Firefox\\firefox.exe" "-marionette" "-foreground" "-no-remote" "-profile" "C:\\Users\\asus\\AppData\\Local\\Temp\\rust_mozprofile.KBbNGQvmoMc4"
1574857764629	addons.webextension.screenshots@mozilla.org	WARN	Loading extension 'screenshots@mozilla.org': Reading manifest: Invalid extension permission: mozillaAddons
1574857764629	addons.webextension.screenshots@mozilla.org	WARN	Loading extension 'screenshots@mozilla.org': Reading manifest: Invalid extension permission: telemetry
1574857764629	addons.webextension.screenshots@mozilla.org	WARN	Loading extension 'screenshots@mozilla.org': Reading manifest: Invalid extension permission: resource://pdf.js/
1574857764629	addons.webextension.screenshots@mozilla.org	WARN	Loading extension 'screenshots@mozilla.org': Reading manifest: Invalid extension permission: about:reader*
JavaScript error: resource://gre/modules/XULStore.jsm, line 66: Error: Can't find profile directory.
1574857770280	Marionette	INFO	Listening on port 49376
1574857770524	Marionette	WARN	TLS certificate errors will be ignored for this session
[Parent 13432, Gecko_IOThread] WARNING: pipe error: 109: file z:/task_1572401533/build/src/ipc/chromium/src/chrome/common/ipc_channel_win.cc, line 341
[Parent 13432, Gecko_IOThread] WARNING: pipe error: 109: file z:/task_1572401533/build/src/ipc/chromium/src/chrome/common/ipc_channel_win.cc, line 341
[Parent 13432, Gecko_IOThread] WARNING: pipe error: 109: file z:/task_1572401533/build/src/ipc/chromium/src/chrome/common/ipc_channel_win.cc, line 341
[Parent 13432, Gecko_IOThread] WARNING: pipe error: 109: file z:/task_1572401533/build/src/ipc/chromium/src/chrome/common/ipc_channel_win.cc, line 341
[Parent 13432, Gecko_IOThread] WARNING: pipe error: 109: file z:/task_1572401533/build/src/ipc/chromium/src/chrome/common/ipc_channel_win.cc, line 341
[Parent 13432, Gecko_IOThread] WARNING: pipe error: 109: file z:/task_1572401533/build/src/ipc/chromium/src/chrome/common/ipc_channel_win.cc, line 341
[Parent 13432, Gecko_IOThread] WARNING: pipe error: 109: file z:/task_1572401533/build/src/ipc/chromium/src/chrome/common/ipc_channel_win.cc, line 341
[Parent 13432, Gecko_IOThread] WARNING: pipe error: 109: file z:/task_1572401533/build/src/ipc/chromium/src/chrome/common/ipc_channel_win.cc, line 341
[Parent 13432, Gecko_IOThread] WARNING: pipe error: 109: file z:/task_1572401533/build/src/ipc/chromium/src/chrome/common/ipc_channel_win.cc, line 341
WebGL(000000EA93E91000)::ForceLoseContext
WebGL(000000EAA03F0800)::ForceLoseContext
WebGL(000000EA8F5A9800)::ForceLoseContext
WebGL(000000EA8F5A4800)::ForceLoseContext
WebGL(000000EA93E9F800)::ForceLoseContext
WebGL(000000EA93CE7800)::ForceLoseContext
WebGL(000000EA93C3E000)::ForceLoseContext
